#-----------------------------------------------------------
# Vivado v2016.2 (64-bit)
# SW Build 1577090 on Thu Jun  2 16:32:40 MDT 2016
# IP Build 1577682 on Fri Jun  3 12:00:54 MDT 2016
# Start of session at: Thu Sep 14 19:25:58 2017
# Process ID: 5192
# Current directory: C:/Users/Jerry Chang/Desktop/summer2017/Project/Summer_Project
# Command line: vivado.exe -gui_launcher_event rodinguilauncherevent216 C:\Users\Jerry Chang\Desktop\summer2017\Project\Summer_Project\summer_project.xpr
# Log file: C:/Users/Jerry Chang/Desktop/summer2017/Project/Summer_Project/vivado.log
# Journal file: C:/Users/Jerry Chang/Desktop/summer2017/Project/Summer_Project\vivado.jou
#-----------------------------------------------------------
start_gui
open_project {C:/Users/Jerry Chang/Desktop/summer2017/Project/Summer_Project/summer_project.xpr}
Scanning sources...
Finished scanning sources
INFO: [IP_Flow 19-234] Refreshing IP repositories
INFO: [IP_Flow 19-1704] No user IP repositories specified
INFO: [IP_Flow 19-2313] Loaded Vivado IP repository 'C:/Xilinx/Vivado/2016.2/data/ip'.
open_project: Time (s): cpu = 00:00:24 ; elapsed = 00:00:11 . Memory (MB): peak = 828.754 ; gain = 191.957
update_compile_order -fileset sources_1
INFO: [Device 21-403] Loading part xq7k325trf676-2L
WARNING: [IP_Flow 19-4067] Ignoring invalid widget type specified checkbox.Providing a default widget
WARNING: [IP_Flow 19-4067] Ignoring invalid widget type specified checkbox.Providing a default widget
set_property -dict [list CONFIG.Coe_File {C:/Users/Jerry Chang/Desktop/textmode.coe}] [get_ips RAM_B]
INFO: [IP_Flow 19-3484] Absolute path of file 'c:/Users/Jerry Chang/Desktop/textmode.coe' provided. It will be converted relative to IP Instance files '../../../../../../../textmode.coe'
generate_target all [get_files  {{C:/Users/Jerry Chang/Desktop/summer2017/Project/Summer_Project/summer_project.srcs/sources_1/ip/RAM_B/RAM_B.xci}}]
INFO: [IP_Flow 19-1686] Generating 'Instantiation Template' target for IP 'RAM_B'...
INFO: [IP_Flow 19-1686] Generating 'Synthesis' target for IP 'RAM_B'...
INFO: [IP_Flow 19-1686] Generating 'Simulation' target for IP 'RAM_B'...
INFO: [IP_Flow 19-1686] Generating 'Miscellaneous' target for IP 'RAM_B'...
INFO: [IP_Flow 19-1686] Generating 'Change Log' target for IP 'RAM_B'...
export_ip_user_files -of_objects [get_files {{C:/Users/Jerry Chang/Desktop/summer2017/Project/Summer_Project/summer_project.srcs/sources_1/ip/RAM_B/RAM_B.xci}}] -no_script -force -quiet
reset_run RAM_B_synth_1
launch_run -jobs 2 RAM_B_synth_1
[Thu Sep 14 19:32:51 2017] Launched RAM_B_synth_1...
Run output will be captured here: C:/Users/Jerry Chang/Desktop/summer2017/Project/Summer_Project/summer_project.runs/RAM_B_synth_1/runme.log
export_simulation -of_objects [get_files {{C:/Users/Jerry Chang/Desktop/summer2017/Project/Summer_Project/summer_project.srcs/sources_1/ip/RAM_B/RAM_B.xci}}] -directory {C:/Users/Jerry Chang/Desktop/summer2017/Project/Summer_Project/summer_project.ip_user_files/sim_scripts} -ip_user_files_dir {C:/Users/Jerry Chang/Desktop/summer2017/Project/Summer_Project/summer_project.ip_user_files} -ipstatic_source_dir {C:/Users/Jerry Chang/Desktop/summer2017/Project/Summer_Project/summer_project.ip_user_files/ipstatic} -force -quiet
WARNING: [IP_Flow 19-4067] Ignoring invalid widget type specified checkbox.Providing a default widget
WARNING: [IP_Flow 19-4067] Ignoring invalid widget type specified checkbox.Providing a default widget
reset_run synth_1
launch_runs impl_1 -to_step write_bitstream -jobs 2
[Thu Sep 14 19:34:35 2017] Launched synth_1...
Run output will be captured here: C:/Users/Jerry Chang/Desktop/summer2017/Project/Summer_Project/summer_project.runs/synth_1/runme.log
[Thu Sep 14 19:34:35 2017] Launched impl_1...
Run output will be captured here: C:/Users/Jerry Chang/Desktop/summer2017/Project/Summer_Project/summer_project.runs/impl_1/runme.log
open_hw
connect_hw_server
INFO: [Labtools 27-2285] Connecting to hw_server url TCP:localhost:3121
INFO: [Labtools 27-2222] Launching hw_server...
INFO: [Labtools 27-2221] Launch Output:

****** Xilinx hw_server v2016.2
  **** Build date : Jun  2 2016-16:57:03
    ** Copyright 1986-2016 Xilinx, Inc. All Rights Reserved.


open_hw_target
INFO: [Labtoolstcl 44-466] Opening hw_target localhost:3121/xilinx_tcf/Digilent/201612300081
ERROR: [Labtools 27-2269] No devices detected on target localhost:3121/xilinx_tcf/Digilent/201612300081.
Check cable connectivity and that the target board is powered up then
use the disconnect_hw_server and connect_hw_server to re-register this hardware target.
ERROR: [Common 17-39] 'open_hw_target' failed due to earlier errors.
refresh_hw_target {localhost:3121/xilinx_tcf/Digilent/201612300081}
set_property PROBES.FILE {} [lindex [get_hw_devices] 0]
set_property PROGRAM.FILE {C:/Users/Jerry Chang/Desktop/summer2017/Project/Summer_Project/summer_project.runs/impl_1/top.bit} [lindex [get_hw_devices] 0]
program_hw_devices [lindex [get_hw_devices] 0]
INFO: [Common 17-41] Interrupt caught. Command should exit soon.
ERROR: [Labtools 27-3165] End of startup status: LOW
program_hw_devices: Time (s): cpu = 00:00:05 ; elapsed = 00:00:05 . Memory (MB): peak = 1220.047 ; gain = 0.000
INFO: [Common 17-344] 'program_hw_devices' was cancelled
set_property PROBES.FILE {} [lindex [get_hw_devices] 0]
set_property PROGRAM.FILE {C:/Users/Jerry Chang/Desktop/summer2017/Project/Summer_Project/summer_project.runs/impl_1/top.bit} [lindex [get_hw_devices] 0]
program_hw_devices [lindex [get_hw_devices] 0]
INFO: [Labtools 27-3164] End of startup status: HIGH
program_hw_devices: Time (s): cpu = 00:00:11 ; elapsed = 00:00:10 . Memory (MB): peak = 1220.047 ; gain = 0.000
refresh_hw_device [lindex [get_hw_devices] 0]
INFO: [Labtools 27-1434] Device xc7k325t (JTAG device index = 0) is programmed with a design that has no supported debug core(s) in it.
WARNING: [Labtools 27-3123] The debug hub core was not detected at User Scan Chain 1 or 3.
Resolution: 
1. Make sure the clock connected to the debug hub (dbg_hub) core is a free running clock and is active OR
2. Manually launch hw_server with -e "set xsdb-user-bscan <C_USER_SCAN_CHAIN scan_chain_number>" to detect the debug hub at User Scan Chain of 2 or 4. To determine the user scan chain setting, open the implemented design and use: get_property C_USER_SCAN_CHAIN [get_debug_cores dbg_hub].
ERROR: [Labtoolstcl 44-513] HW Target shutdown. Closing target: localhost:3121/xilinx_tcf/Digilent/201612300081
exit
